# JRE version: OpenJDK Runtime Environment (7.0_65-b32) (build 1.7.0_65-b32)
# Java VM: OpenJDK Server VM (24.65-b04 mixed mode linux-x86 )
Heap
 PSYoungGen      total 73472K, used 8959K [0x9dd40000, 0xa2ec0000, 0xb32c0000)
  eden space 64512K, 0% used [0x9dd40000,0x9dd40000,0xa1c40000)
  from space 8960K, 99% used [0xa1c40000,0xa24ffe10,0xa2500000)
  to   space 7936K, 0% used [0xa2500000,0xa2500000,0xa2cc0000)
 ParOldGen       total 42752K, used 24381K [0x732c0000, 0x75c80000, 0x9dd40000)
  object space 42752K, 57% used [0x732c0000,0x74a8f418,0x75c80000)
 PSPermGen       total 16384K, used 4046K [0x6b2c0000, 0x6c2c0000, 0x732c0000)
  object space 16384K, 24% used [0x6b2c0000,0x6b6b39b8,0x6c2c0000)
GC Heap History (10 events):
Event: 5.310 GC heap after
Heap after GC invocations=2 (full 0):
 PSYoungGen      total 18944K, used 2557K [0x9dd40000, 0xa0240000, 0xb32c0000)
  eden space 16384K, 0% used [0x9dd40000,0x9dd40000,0x9ed40000)
  from space 2560K, 99% used [0x9efc0000,0x9f23f758,0x9f240000)
  to   space 2560K, 0% used [0x9ed40000,0x9ed40000,0x9efc0000)
 ParOldGen       total 42752K, used 4045K [0x732c0000, 0x75c80000, 0x9dd40000)
  object space 42752K, 9% used [0x732c0000,0x736b35e0,0x75c80000)
 PSPermGen       total 16384K, used 3894K [0x6b2c0000, 0x6c2c0000, 0x732c0000)
  object space 16384K, 23% used [0x6b2c0000,0x6b68d940,0x6c2c0000)
}
Event: 7.255 GC heap before
{Heap before GC invocations=3 (full 0):
 PSYoungGen      total 18944K, used 18941K [0x9dd40000, 0xa0240000, 0xb32c0000)
  eden space 16384K, 100% used [0x9dd40000,0x9ed40000,0x9ed40000)
  from space 2560K, 99% used [0x9efc0000,0x9f23f758,0x9f240000)
  to   space 2560K, 0% used [0x9ed40000,0x9ed40000,0x9efc0000)
 ParOldGen       total 42752K, used 4045K [0x732c0000, 0x75c80000, 0x9dd40000)
  object space 42752K, 9% used [0x732c0000,0x736b35e0,0x75c80000)
 PSPermGen       total 16384K, used 3915K [0x6b2c0000, 0x6c2c0000, 0x732c0000)
  object space 16384K, 23% used [0x6b2c0000,0x6b692cb8,0x6c2c0000)
Event: 7.345 GC heap after
Heap after GC invocations=3 (full 0):
 PSYoungGen      total 18944K, used 2558K [0x9dd40000, 0xa0240000, 0xb32c0000)
  eden space 16384K, 0% used [0x9dd40000,0x9dd40000,0x9ed40000)
  from space 2560K, 99% used [0x9ed40000,0x9efbfb38,0x9efc0000)
  to   space 2560K, 0% used [0x9ffc0000,0x9ffc0000,0xa0240000)
 ParOldGen       total 42752K, used 6445K [0x732c0000, 0x75c80000, 0x9dd40000)
  object space 42752K, 15% used [0x732c0000,0x7390b458,0x75c80000)
 PSPermGen       total 16384K, used 3915K [0x6b2c0000, 0x6c2c0000, 0x732c0000)
  object space 16384K, 23% used [0x6b2c0000,0x6b692cb8,0x6c2c0000)
}
Event: 9.220 GC heap before
{Heap before GC invocations=4 (full 0):
 PSYoungGen      total 18944K, used 18942K [0x9dd40000, 0xa0240000, 0xb32c0000)
  eden space 16384K, 100% used [0x9dd40000,0x9ed40000,0x9ed40000)
  from space 2560K, 99% used [0x9ed40000,0x9efbfb38,0x9efc0000)
  to   space 2560K, 0% used [0x9ffc0000,0x9ffc0000,0xa0240000)
 ParOldGen       total 42752K, used 6445K [0x732c0000, 0x75c80000, 0x9dd40000)
  object space 42752K, 15% used [0x732c0000,0x7390b458,0x75c80000)
 PSPermGen       total 16384K, used 3925K [0x6b2c0000, 0x6c2c0000, 0x732c0000)
  object space 16384K, 23% used [0x6b2c0000,0x6b6956f0,0x6c2c0000)
Event: 11.631 GC heap after
Heap after GC invocations=4 (full 0):
 PSYoungGen      total 35328K, used 2544K [0x9dd40000, 0xa0240000, 0xb32c0000)
  eden space 32768K, 0% used [0x9dd40000,0x9dd40000,0x9fd40000)
  from space 2560K, 99% used [0x9ffc0000,0xa023c340,0xa0240000)
  to   space 2560K, 0% used [0x9fd40000,0x9fd40000,0x9ffc0000)
 ParOldGen       total 42752K, used 8964K [0x732c0000, 0x75c80000, 0x9dd40000)
  object space 42752K, 20% used [0x732c0000,0x73b81020,0x75c80000)
 PSPermGen       total 16384K, used 3925K [0x6b2c0000, 0x6c2c0000, 0x732c0000)
  object space 16384K, 23% used [0x6b2c0000,0x6b6956f0,0x6c2c0000)
}
Event: 14.554 GC heap before
{Heap before GC invocations=5 (full 0):
 PSYoungGen      total 35328K, used 35312K [0x9dd40000, 0xa0240000, 0xb32c0000)
  eden space 32768K, 100% used [0x9dd40000,0x9fd40000,0x9fd40000)
  from space 2560K, 99% used [0x9ffc0000,0xa023c340,0xa0240000)
  to   space 2560K, 0% used [0x9fd40000,0x9fd40000,0x9ffc0000)
 ParOldGen       total 42752K, used 8964K [0x732c0000, 0x75c80000, 0x9dd40000)
  object space 42752K, 20% used [0x732c0000,0x73b81020,0x75c80000)
 PSPermGen       total 16384K, used 3958K [0x6b2c0000, 0x6c2c0000, 0x732c0000)
  object space 16384K, 24% used [0x6b2c0000,0x6b69dba0,0x6c2c0000)
Event: 15.565 GC heap after
Heap after GC invocations=5 (full 0):
 PSYoungGen      total 35328K, used 2548K [0x9dd40000, 0xa2cc0000, 0xb32c0000)
  eden space 32768K, 0% used [0x9dd40000,0x9dd40000,0x9fd40000)
  from space 2560K, 99% used [0x9fd40000,0x9ffbd200,0x9ffc0000)
  to   space 7936K, 0% used [0xa2500000,0xa2500000,0xa2cc0000)
 ParOldGen       total 42752K, used 14677K [0x732c0000, 0x75c80000, 0x9dd40000)
  object space 42752K, 34% used [0x732c0000,0x74115628,0x75c80000)
 PSPermGen       total 16384K, used 3958K [0x6b2c0000, 0x6c2c0000, 0x732c0000)
  object space 16384K, 24% used [0x6b2c0000,0x6b69dba0,0x6c2c0000)
}
Event: 18.286 GC heap before
{Heap before GC invocations=6 (full 0):
 PSYoungGen      total 35328K, used 35316K [0x9dd40000, 0xa2cc0000, 0xb32c0000)
  eden space 32768K, 100% used [0x9dd40000,0x9fd40000,0x9fd40000)
  from space 2560K, 99% used [0x9fd40000,0x9ffbd200,0x9ffc0000)
  to   space 7936K, 0% used [0xa2500000,0xa2500000,0xa2cc0000)
 ParOldGen       total 42752K, used 14677K [0x732c0000, 0x75c80000, 0x9dd40000)
  object space 42752K, 34% used [0x732c0000,0x74115628,0x75c80000)
 PSPermGen       total 16384K, used 3982K [0x6b2c0000, 0x6c2c0000, 0x732c0000)
  object space 16384K, 24% used [0x6b2c0000,0x6b6a3ae0,0x6c2c0000)
Event: 18.854 GC heap after
Heap after GC invocations=6 (full 0):
 PSYoungGen      total 72448K, used 7836K [0x9dd40000, 0xa2ec0000, 0xb32c0000)
  eden space 64512K, 0% used [0x9dd40000,0x9dd40000,0xa1c40000)
  from space 7936K, 98% used [0xa2500000,0xa2ca7260,0xa2cc0000)
  to   space 8960K, 0% used [0xa1c40000,0xa1c40000,0xa2500000)
 ParOldGen       total 42752K, used 14677K [0x732c0000, 0x75c80000, 0x9dd40000)
  object space 42752K, 34% used [0x732c0000,0x74115628,0x75c80000)
 PSPermGen       total 16384K, used 3982K [0x6b2c0000, 0x6c2c0000, 0x732c0000)
  object space 16384K, 24% used [0x6b2c0000,0x6b6a3ae0,0x6c2c0000)
}
Event: 27.741 GC heap before
{Heap before GC invocations=7 (full 0):
 PSYoungGen      total 72448K, used 72348K [0x9dd40000, 0xa2ec0000, 0xb32c0000)
  eden space 64512K, 100% used [0x9dd40000,0xa1c40000,0xa1c40000)
  from space 7936K, 98% used [0xa2500000,0xa2ca7260,0xa2cc0000)
  to   space 8960K, 0% used [0xa1c40000,0xa1c40000,0xa2500000)
 ParOldGen       total 42752K, used 14677K [0x732c0000, 0x75c80000, 0x9dd40000)
  object space 42752K, 34% used [0x732c0000,0x74115628,0x75c80000)
 PSPermGen       total 16384K, used 4046K [0x6b2c0000, 0x6c2c0000, 0x732c0000)
  object space 16384K, 24% used [0x6b2c0000,0x6b6b39b8,0x6c2c0000)

